C:\GIT\STUDY\VC\YYPAINT\DEBUG\YYPAINT.EXE
C:\GIT\STUDY\VC\YYPAINT\DEBUG\YYPAINT.ILK
C:\GIT\STUDY\VC\YYPAINT\DEBUG\YYPAINT.PDB
C:\GIT\STUDY\VC\YYPAINT\YYPAINT\DEBUG\CHILDVIEW.OBJ
C:\git\study\vc\yyPaint\yyPaint\Debug\cl.command.1.tlog
C:\git\study\vc\yyPaint\yyPaint\Debug\CL.read.1.tlog
C:\git\study\vc\yyPaint\yyPaint\Debug\CL.write.1.tlog
C:\git\study\vc\yyPaint\yyPaint\Debug\link.14920.read.1.tlog
C:\git\study\vc\yyPaint\yyPaint\Debug\link.14920.write.1.tlog
C:\git\study\vc\yyPaint\yyPaint\Debug\link.14920-cvtres.read.1.tlog
C:\git\study\vc\yyPaint\yyPaint\Debug\link.14920-cvtres.write.1.tlog
C:\git\study\vc\yyPaint\yyPaint\Debug\link.16700.read.1.tlog
C:\git\study\vc\yyPaint\yyPaint\Debug\link.16700.write.1.tlog
C:\git\study\vc\yyPaint\yyPaint\Debug\link.16700-cvtres.read.1.tlog
C:\git\study\vc\yyPaint\yyPaint\Debug\link.16700-cvtres.write.1.tlog
C:\git\study\vc\yyPaint\yyPaint\Debug\link.command.1.tlog
C:\git\study\vc\yyPaint\yyPaint\Debug\link.read.1.tlog
C:\git\study\vc\yyPaint\yyPaint\Debug\link.write.1.tlog
C:\git\study\vc\yyPaint\yyPaint\Debug\link-cvtres.read.1.tlog
C:\git\study\vc\yyPaint\yyPaint\Debug\link-cvtres.write.1.tlog
C:\GIT\STUDY\VC\YYPAINT\YYPAINT\DEBUG\MAINFRM.OBJ
C:\git\study\vc\yyPaint\yyPaint\Debug\mt.command.1.tlog
C:\git\study\vc\yyPaint\yyPaint\Debug\mt.read.1.tlog
C:\git\study\vc\yyPaint\yyPaint\Debug\mt.write.1.tlog
C:\git\study\vc\yyPaint\yyPaint\Debug\rc.command.1.tlog
C:\git\study\vc\yyPaint\yyPaint\Debug\rc.read.1.tlog
C:\git\study\vc\yyPaint\yyPaint\Debug\rc.write.1.tlog
C:\GIT\STUDY\VC\YYPAINT\YYPAINT\DEBUG\STDAFX.OBJ
C:\GIT\STUDY\VC\YYPAINT\YYPAINT\DEBUG\TDRAWLINE.OBJ
C:\GIT\STUDY\VC\YYPAINT\YYPAINT\DEBUG\TDRAWNODE.OBJ
C:\GIT\STUDY\VC\YYPAINT\YYPAINT\DEBUG\TGRAPH.OBJ
C:\GIT\STUDY\VC\YYPAINT\YYPAINT\DEBUG\TGRAPHCELL.OBJ
C:\GIT\STUDY\VC\YYPAINT\YYPAINT\DEBUG\TGRAPHLINE.OBJ
C:\GIT\STUDY\VC\YYPAINT\YYPAINT\DEBUG\TGRAPHNODE.OBJ
C:\GIT\STUDY\VC\YYPAINT\YYPAINT\DEBUG\TGRAPHPTR.OBJ
C:\GIT\STUDY\VC\YYPAINT\YYPAINT\DEBUG\TMOUSEMOVESELECT.OBJ
C:\GIT\STUDY\VC\YYPAINT\YYPAINT\DEBUG\TONDRAW.OBJ
C:\GIT\STUDY\VC\YYPAINT\YYPAINT\DEBUG\TONSETCUROR.OBJ
C:\GIT\STUDY\VC\YYPAINT\YYPAINT\DEBUG\TSTATE.OBJ
C:\GIT\STUDY\VC\YYPAINT\YYPAINT\DEBUG\TVIEW.OBJ
C:\GIT\STUDY\VC\YYPAINT\YYPAINT\DEBUG\TWNDPTR.OBJ
C:\git\study\vc\yyPaint\yyPaint\Debug\vc100.idb
C:\GIT\STUDY\VC\YYPAINT\YYPAINT\DEBUG\VC100.PDB
C:\GIT\STUDY\VC\YYPAINT\YYPAINT\DEBUG\YYPAINT.EXE.EMBED.MANIFEST
C:\GIT\STUDY\VC\YYPAINT\YYPAINT\DEBUG\YYPAINT.EXE.EMBED.MANIFEST.RES
C:\GIT\STUDY\VC\YYPAINT\YYPAINT\DEBUG\YYPAINT.EXE.INTERMEDIATE.MANIFEST
C:\GIT\STUDY\VC\YYPAINT\YYPAINT\DEBUG\YYPAINT.OBJ
C:\GIT\STUDY\VC\YYPAINT\YYPAINT\DEBUG\YYPAINT.PCH
C:\GIT\STUDY\VC\YYPAINT\YYPAINT\DEBUG\YYPAINT.RES
C:\git\study\vc\yyPaint\yyPaint\Debug\yyPaint.vcxprojResolveAssemblyReference.cache
C:\git\study\vc\yyPaint\yyPaint\Debug\yyPaint.write.1.tlog
C:\git\study\vc\yyPaint\yyPaint\Debug\yyPaint_manifest.rc
