C:\git\study\vc\K优算法\K优算法\K优算法\x64\Debug\cl.command.1.tlog
C:\git\study\vc\K优算法\K优算法\K优算法\x64\Debug\CL.read.1.tlog
C:\git\study\vc\K优算法\K优算法\K优算法\x64\Debug\CL.write.1.tlog
C:\GIT\STUDY\VC\K优算法\K优算法\K优算法\X64\DEBUG\K优算法.EXE.EMBED.MANIFEST
C:\GIT\STUDY\VC\K优算法\K优算法\K优算法\X64\DEBUG\K优算法.EXE.EMBED.MANIFEST.RES
C:\GIT\STUDY\VC\K优算法\K优算法\K优算法\X64\DEBUG\K优算法.EXE.INTERMEDIATE.MANIFEST
C:\git\study\vc\K优算法\K优算法\K优算法\x64\Debug\K优算法_manifest.rc
C:\git\study\vc\K优算法\K优算法\K优算法\x64\Debug\link.25332.read.1.tlog
C:\git\study\vc\K优算法\K优算法\K优算法\x64\Debug\link.25332.write.1.tlog
C:\git\study\vc\K优算法\K优算法\K优算法\x64\Debug\link.25332-cvtres.read.1.tlog
C:\git\study\vc\K优算法\K优算法\K优算法\x64\Debug\link.25332-cvtres.write.1.tlog
C:\git\study\vc\K优算法\K优算法\K优算法\x64\Debug\link.command.1.tlog
C:\git\study\vc\K优算法\K优算法\K优算法\x64\Debug\link.read.1.tlog
C:\git\study\vc\K优算法\K优算法\K优算法\x64\Debug\link.write.1.tlog
C:\git\study\vc\K优算法\K优算法\K优算法\x64\Debug\link-cvtres.read.1.tlog
C:\git\study\vc\K优算法\K优算法\K优算法\x64\Debug\link-cvtres.write.1.tlog
C:\GIT\STUDY\VC\K优算法\K优算法\K优算法\X64\DEBUG\MAIN.OBJ
C:\git\study\vc\K优算法\K优算法\K优算法\x64\Debug\mt.command.1.tlog
C:\git\study\vc\K优算法\K优算法\K优算法\x64\Debug\mt.read.1.tlog
C:\git\study\vc\K优算法\K优算法\K优算法\x64\Debug\mt.write.1.tlog
C:\git\study\vc\K优算法\K优算法\K优算法\x64\Debug\rc.command.1.tlog
C:\git\study\vc\K优算法\K优算法\K优算法\x64\Debug\rc.read.1.tlog
C:\git\study\vc\K优算法\K优算法\K优算法\x64\Debug\rc.write.1.tlog
C:\GIT\STUDY\VC\K优算法\K优算法\K优算法\X64\DEBUG\TDELEDGELST.OBJ
C:\GIT\STUDY\VC\K优算法\K优算法\K优算法\X64\DEBUG\TEDGE.OBJ
C:\GIT\STUDY\VC\K优算法\K优算法\K优算法\X64\DEBUG\TGRAPH.OBJ
C:\GIT\STUDY\VC\K优算法\K优算法\K优算法\X64\DEBUG\TKSPF.OBJ
C:\GIT\STUDY\VC\K优算法\K优算法\K优算法\X64\DEBUG\TNODE.OBJ
C:\GIT\STUDY\VC\K优算法\K优算法\K优算法\X64\DEBUG\TSHORTROUTE.OBJ
C:\GIT\STUDY\VC\K优算法\K优算法\K优算法\X64\DEBUG\TSHORTROUTELST.OBJ
C:\GIT\STUDY\VC\K优算法\K优算法\K优算法\X64\DEBUG\TSHORTROUTEPOOL.OBJ
C:\GIT\STUDY\VC\K优算法\K优算法\K优算法\X64\DEBUG\TSPF.OBJ
C:\GIT\STUDY\VC\K优算法\K优算法\K优算法\X64\DEBUG\TTYPEDEF.OBJ
C:\git\study\vc\K优算法\K优算法\K优算法\x64\Debug\vc100.idb
C:\GIT\STUDY\VC\K优算法\K优算法\K优算法\X64\DEBUG\VC100.PDB
C:\GIT\STUDY\VC\K优算法\K优算法\X64\DEBUG\K优算法.EXE
C:\GIT\STUDY\VC\K优算法\K优算法\X64\DEBUG\K优算法.ILK
C:\GIT\STUDY\VC\K优算法\K优算法\X64\DEBUG\K优算法.PDB
