生成启动时间为 2020/1/27 15:09:46。
     1>项目“C:\git\vc\K优算法\K优算法\K优算法\K优算法.vcxproj”在节点 2 上(build 个目标)。
     1>InitializeBuildStatus:
         正在创建“x64\Release\K优算法.unsuccessfulbuild”，因为已指定“AlwaysCreate”。
       ClCompile:
         C:\Program Files (x86)\Microsoft Visual Studio 10.0\VC\bin\x86_amd64\CL.exe /c /Zi /nologo /W3 /WX- /O2 /Oi /GL /D WIN32 /D NDEBUG /D _CONSOLE /D _UNICODE /D UNICODE /Gm- /EHsc /MD /GS /Gy /fp:precise /Zc:wchar_t /Zc:forScope /Fo"x64\Release\\" /Fd"x64\Release\vc100.pdb" /Gd /TP /errorReport:prompt TKspf.cpp main.cpp
         TKspf.cpp
         main.cpp
     1>main.cpp(29): warning C4996: 'sprintf': This function or variable may be unsafe. Consider using sprintf_s instead. To disable deprecation, use _CRT_SECURE_NO_WARNINGS. See online help for details.
                 C:\Program Files (x86)\Microsoft Visual Studio 10.0\VC\include\stdio.h(371) : 参见“sprintf”的声明
     1>main.cpp(30): warning C4996: 'sprintf': This function or variable may be unsafe. Consider using sprintf_s instead. To disable deprecation, use _CRT_SECURE_NO_WARNINGS. See online help for details.
                 C:\Program Files (x86)\Microsoft Visual Studio 10.0\VC\include\stdio.h(371) : 参见“sprintf”的声明
     1>main.cpp(33): warning C4996: 'sprintf': This function or variable may be unsafe. Consider using sprintf_s instead. To disable deprecation, use _CRT_SECURE_NO_WARNINGS. See online help for details.
                 C:\Program Files (x86)\Microsoft Visual Studio 10.0\VC\include\stdio.h(371) : 参见“sprintf”的声明
       Link:
         C:\Program Files (x86)\Microsoft Visual Studio 10.0\VC\bin\x86_amd64\link.exe /ERRORREPORT:PROMPT /OUT:"C:\git\vc\K优算法\K优算法\x64\Release\K优算法.exe" /INCREMENTAL:NO /NOLOGO kernel32.lib user32.lib gdi32.lib winspool.lib comdlg32.lib advapi32.lib shell32.lib ole32.lib oleaut32.lib uuid.lib odbc32.lib odbccp32.lib /MANIFEST /ManifestFile:"x64\Release\K优算法.exe.intermediate.manifest" /MANIFESTUAC:"level='asInvoker' uiAccess='false'" /DEBUG /PDB:"C:\git\vc\K优算法\K优算法\x64\Release\K优算法.pdb" /SUBSYSTEM:CONSOLE /OPT:REF /OPT:ICF /LTCG /TLBID:1 /DYNAMICBASE /NXCOMPAT /IMPLIB:"C:\git\vc\K优算法\K优算法\x64\Release\K优算法.lib" /MACHINE:X64 x64\Release\main.obj
         x64\Release\TDelEdgeLst.obj
         x64\Release\TEdge.obj
         x64\Release\TGraph.obj
         x64\Release\TKspf.obj
         x64\Release\TNode.obj
         x64\Release\TShortRoute.obj
         x64\Release\TSpf.obj
         x64\Release\TTypeDef.obj
         正在生成代码
         已完成代码的生成
         K优算法.vcxproj -> C:\git\vc\K优算法\K优算法\x64\Release\K优算法.exe
       Manifest:
         C:\Program Files (x86)\Microsoft SDKs\Windows\v7.0A\bin\mt.exe /nologo /verbose /outputresource:"C:\git\vc\K优算法\K优算法\x64\Release\K优算法.exe;#1" /manifest "x64\Release\K优算法.exe.intermediate.manifest"
       FinalizeBuildStatus:
         正在删除文件“x64\Release\K优算法.unsuccessfulbuild”。
         正在对“x64\Release\K优算法.lastbuildstate”执行 Touch 任务。
     1>已完成生成项目“C:\git\vc\K优算法\K优算法\K优算法\K优算法.vcxproj”(build 个目标)的操作。

生成成功。

已用时间 00:00:01.49
