C:\GIT\VC\K优算法\K优算法\DEBUG\K优算法.EXE
C:\GIT\VC\K优算法\K优算法\DEBUG\K优算法.ILK
C:\GIT\VC\K优算法\K优算法\DEBUG\K优算法.PDB
C:\git\vc\K优算法\K优算法\K优算法\Debug\cl.command.1.tlog
C:\git\vc\K优算法\K优算法\K优算法\Debug\CL.read.1.tlog
C:\git\vc\K优算法\K优算法\K优算法\Debug\CL.write.1.tlog
C:\GIT\VC\K优算法\K优算法\K优算法\DEBUG\K优算法.EXE.EMBED.MANIFEST
C:\GIT\VC\K优算法\K优算法\K优算法\DEBUG\K优算法.EXE.EMBED.MANIFEST.RES
C:\GIT\VC\K优算法\K优算法\K优算法\DEBUG\K优算法.EXE.INTERMEDIATE.MANIFEST
C:\git\vc\K优算法\K优算法\K优算法\Debug\K优算法_manifest.rc
C:\git\vc\K优算法\K优算法\K优算法\Debug\link.88804.read.1.tlog
C:\git\vc\K优算法\K优算法\K优算法\Debug\link.88804.write.1.tlog
C:\git\vc\K优算法\K优算法\K优算法\Debug\link.88804-cvtres.read.1.tlog
C:\git\vc\K优算法\K优算法\K优算法\Debug\link.88804-cvtres.write.1.tlog
C:\git\vc\K优算法\K优算法\K优算法\Debug\link.90848.read.1.tlog
C:\git\vc\K优算法\K优算法\K优算法\Debug\link.90848.write.1.tlog
C:\git\vc\K优算法\K优算法\K优算法\Debug\link.90848-cvtres.read.1.tlog
C:\git\vc\K优算法\K优算法\K优算法\Debug\link.90848-cvtres.write.1.tlog
C:\git\vc\K优算法\K优算法\K优算法\Debug\link.command.1.tlog
C:\git\vc\K优算法\K优算法\K优算法\Debug\link.read.1.tlog
C:\git\vc\K优算法\K优算法\K优算法\Debug\link.write.1.tlog
C:\git\vc\K优算法\K优算法\K优算法\Debug\link-cvtres.read.1.tlog
C:\git\vc\K优算法\K优算法\K优算法\Debug\link-cvtres.write.1.tlog
C:\GIT\VC\K优算法\K优算法\K优算法\DEBUG\MAIN.OBJ
C:\git\vc\K优算法\K优算法\K优算法\Debug\mt.command.1.tlog
C:\git\vc\K优算法\K优算法\K优算法\Debug\mt.read.1.tlog
C:\git\vc\K优算法\K优算法\K优算法\Debug\mt.write.1.tlog
C:\git\vc\K优算法\K优算法\K优算法\Debug\rc.command.1.tlog
C:\git\vc\K优算法\K优算法\K优算法\Debug\rc.read.1.tlog
C:\git\vc\K优算法\K优算法\K优算法\Debug\rc.write.1.tlog
C:\GIT\VC\K优算法\K优算法\K优算法\DEBUG\TDELEDGELST.OBJ
C:\GIT\VC\K优算法\K优算法\K优算法\DEBUG\TEDGE.OBJ
C:\GIT\VC\K优算法\K优算法\K优算法\DEBUG\TGRAPH.OBJ
C:\GIT\VC\K优算法\K优算法\K优算法\DEBUG\TKSPF.OBJ
C:\GIT\VC\K优算法\K优算法\K优算法\DEBUG\TNODE.OBJ
C:\GIT\VC\K优算法\K优算法\K优算法\DEBUG\TSHORTROUTE.OBJ
C:\GIT\VC\K优算法\K优算法\K优算法\DEBUG\TSPF.OBJ
C:\GIT\VC\K优算法\K优算法\K优算法\DEBUG\TTYPEDEF.OBJ
C:\git\vc\K优算法\K优算法\K优算法\Debug\vc100.idb
C:\GIT\VC\K优算法\K优算法\K优算法\DEBUG\VC100.PDB
