生成启动时间为 2020/1/26 22:15:11。
     1>项目“C:\git\vc\K优算法\K优算法\K优算法\K优算法.vcxproj”在节点 2 上(build 个目标)。
     1>InitializeBuildStatus:
         正在创建“Debug\K优算法.unsuccessfulbuild”，因为已指定“AlwaysCreate”。
       ClCompile:
         C:\Program Files (x86)\Microsoft Visual Studio 10.0\VC\bin\CL.exe /c /ZI /nologo /W3 /WX- /Od /Oy- /D WIN32 /D _DEBUG /D _CONSOLE /D _UNICODE /D UNICODE /Gm /EHsc /RTC1 /MDd /GS /fp:precise /Zc:wchar_t /Zc:forScope /Fo"Debug\\" /Fd"Debug\vc100.pdb" /Gd /TP /analyze- /errorReport:prompt TDelEdgeLst.cpp TKspf.cpp main.cpp
         TDelEdgeLst.cpp
         正在生成代码...
         正在编译...
         main.cpp
         TKspf.cpp
         正在生成代码...
       ManifestResourceCompile:
         所有输出均为最新。
       Link:
         C:\Program Files (x86)\Microsoft Visual Studio 10.0\VC\bin\link.exe /ERRORREPORT:PROMPT /OUT:"C:\git\vc\K优算法\K优算法\Debug\K优算法.exe" /INCREMENTAL /NOLOGO kernel32.lib user32.lib gdi32.lib winspool.lib comdlg32.lib advapi32.lib shell32.lib ole32.lib oleaut32.lib uuid.lib odbc32.lib odbccp32.lib /MANIFEST /ManifestFile:"Debug\K优算法.exe.intermediate.manifest" /MANIFESTUAC:"level='asInvoker' uiAccess='false'" /DEBUG /PDB:"C:\git\vc\K优算法\K优算法\Debug\K优算法.pdb" /SUBSYSTEM:CONSOLE /TLBID:1 /DYNAMICBASE /NXCOMPAT /IMPLIB:"C:\git\vc\K优算法\K优算法\Debug\K优算法.lib" /MACHINE:X86 "Debug\K优算法.exe.embed.manifest.res"
         Debug\main.obj
         Debug\TDelEdgeLst.obj
         Debug\TEdge.obj
         Debug\TGraph.obj
         Debug\TKspf.obj
         Debug\TNode.obj
         Debug\TShortRoute.obj
         Debug\TSpf.obj
         Debug\TTypeDef.obj
       Manifest:
         C:\Program Files (x86)\Microsoft SDKs\Windows\v7.0A\bin\mt.exe /nologo /verbose /out:"Debug\K优算法.exe.embed.manifest" /manifest "Debug\K优算法.exe.intermediate.manifest"
         所有输出均为最新。
       LinkEmbedManifest:
         所有输出均为最新。
         K优算法.vcxproj -> C:\git\vc\K优算法\K优算法\Debug\K优算法.exe
       FinalizeBuildStatus:
         正在删除文件“Debug\K优算法.unsuccessfulbuild”。
         正在对“Debug\K优算法.lastbuildstate”执行 Touch 任务。
     1>已完成生成项目“C:\git\vc\K优算法\K优算法\K优算法\K优算法.vcxproj”(build 个目标)的操作。

生成成功。

已用时间 00:00:01.17
